<?xml version="1.0" encoding="UTF-8"?>
<testng-results skipped="0" failed="0" total="1" passed="1">
  <reporter-output>
  </reporter-output>
  <suite name="Default suite" duration-ms="73381" started-at="2018-10-25T21:35:28Z" finished-at="2018-10-25T21:36:41Z">
    <groups>
    </groups>
    <test name="Default test" duration-ms="73381" started-at="2018-10-25T21:35:28Z" finished-at="2018-10-25T21:36:41Z">
      <class name="tests.menu">
        <test-method status="PASS" signature="openBrowser()[pri:0, instance:tests.menu@696da30b]" name="openBrowser" is-config="true" duration-ms="18227" started-at="2018-10-26T00:35:28Z" finished-at="2018-10-26T00:35:46Z">
          <reporter-output>
          </reporter-output>
        </test-method> <!-- openBrowser -->
        <test-method status="PASS" signature="logincheck()[pri:0, instance:tests.menu@696da30b]" name="logincheck" duration-ms="54954" started-at="2018-10-26T00:35:46Z" finished-at="2018-10-26T00:36:41Z">
          <reporter-output>
          </reporter-output>
        </test-method> <!-- logincheck -->
      </class> <!-- tests.menu -->
    </test> <!-- Default test -->
  </suite> <!-- Default suite -->
</testng-results>
